
ROM used:   1305/8192 (16%)
            1305/8192 (16%) including unused fragments

            1.0 Average locations per line
            8.1 Average locations per statement

RAM used:   29/368 (8%) at main() level
            66/368 (18%) worst case

Stack used: 3 worst case (2 in main + 1 for interrupts)
Stack size: 8

Lines Stmts  %   Files
----- ----- ---  -----
   91    36  22  pic.c
  672     0   0  ..\..\..\..\..\..\Program Files (x86)\PICC\Devices\16f877a.h
   37     0   0  ..\..\..\..\..\..\Program Files (x86)\PICC\Drivers\stdio.h
  423   125  78  ..\..\..\..\..\..\Program Files (x86)\PICC\Drivers\string.h
   32     0   0  ..\..\..\..\..\..\Program Files (x86)\PICC\Drivers\stddef.h
   28     0   0  ..\..\..\..\..\..\Program Files (x86)\PICC\Drivers\ctype.h
----- -----
 1283   161 Total

Page ROM  %  RAM    Vol Diff  Functions:
---- --- --- ---    --- ----  ----------
0     23   2    1             @delay_ms1
0     64   5    2     57  2.3  rda_isr
 Inline         5     92  1.7  @DIV1616
0     97   7    8    163  2.9  leersensor1
0     29   2    2             @ITOF
0    117   9   13             @MULFF
0    202  15   14    174  2.9  @DIVFF
0     72   6    6    149  2.5  leersensor2
0    198  15    4    458  4.6  MAIN
0     33   3    4    174  2.9  @SFTOI
0     21   2    3             @DIV88
0     93   7    6             @PRINTF_D_9600_62_63
 Inline         5             @FTOSD
0     79   6   13             @DIV3232
0    228  17   13             @PRINTF_L32D_9600_62_63FPFPF
 Inline         0             @cinit1

Program metrics:
    Functions               7
    Statements              161
    Comments                310
    Volume (V)              1977
    Difficulty (D)          18.8
    Effort to implement (E) 37173
    Time to implement (T)   34 minutes
    Est Delivered Bugs (B)  0
    Cyclomatic Complexity   1
    Maintainability (MI)    52

 Segment     Used  Free
-----------  ----  ----
00000-00003     4  0  
00004-00030    45  0  
00031-007FF  1256  743  
00800-00FFF     0  2048  
01000-017FF     0  2048  
01800-01FFF     0  2048  



