
ROM used:   725/8192 (9%)
            725/8192 (9%) including unused fragments

            0.6 Average locations per line
            4.5 Average locations per statement

RAM used:   12/368 (3%) at main() level
            39/368 (11%) worst case

Stack used: 1 worst case (1 in main + 0 for interrupts)
Stack size: 8

Lines Stmts  %   Files
----- ----- ---  -----
   90    35  22  UTSC-RTD.c
  672     0   0  ..\..\..\..\..\..\Program Files (x86)\PICC\Devices\16f877a.h
   37     0   0  ..\..\..\..\..\..\Program Files (x86)\PICC\Drivers\stdio.h
  423   125  78  ..\..\..\..\..\..\Program Files (x86)\PICC\Drivers\string.h
   32     0   0  ..\..\..\..\..\..\Program Files (x86)\PICC\Drivers\stddef.h
   28     0   0  ..\..\..\..\..\..\Program Files (x86)\PICC\Drivers\ctype.h
----- -----
 1282   160 Total

Page ROM  %  RAM    Vol Diff  Functions:
---- --- --- ---    --- ----  ----------
0     21   3    1             @delay_ms1
0     97  13    8    163  2.9  leerRTD
0     29   4    2             @ITOF
0    117  16   13             @MULFF
0    202  28   14             @DIVFF
0    106  15   12    280  4.1  leerUTSC
0    118  16    0    516  4.9  MAIN
0     31   4    4             @SFTOI
 Inline         0             @cinit1

Program metrics:
    Functions               3
    Statements              160
    Comments                326
    Volume (V)              1239
    Difficulty (D)          11.3
    Effort to implement (E) 14005
    Time to implement (T)   13 minutes
    Est Delivered Bugs (B)  0
    Cyclomatic Complexity   1
    Maintainability (MI)    54

 Segment     Used  Free
-----------  ----  ----
00000-00003     4  0  
00004-007FF   721  1323  
00800-00FFF     0  2048  
01000-017FF     0  2048  
01800-01FFF     0  2048  



